0 13 14 0 0 0 0 0 0 0 0
0.10000000000000001 13 14 0.0 0.0 0 0 0 0 0 0
0.20000000000000001 13 14 0.0 0.0 0 0 0 0 0 0
0.30000000000000004 13 14 0.0 0.0 0 0 0 0 0 0
0.40000000000000002 13 14 0.0 0.0 0 0 0 0 0 0
0.5 13 14 0.0 0.0 0 0 0 0 0 0
0.59999999999999998 13 14 0.0 0.0 0 0 0 0 0 0
0.69999999999999996 13 14 0.0 0.0 0 0 0 0 0 0
0.79999999999999993 13 14 2164.9999999999477 3.3366666666665932 26 26 0 19500 19500 0
0.89999999999999991 13 14 0.0 0.0 26 26 0 19500 19500 0
0.99999999999999989 13 14 2164.9999999999477 3.3366666666665932 52 52 0 39000 39000 0
1.0999999999999999 13 14 0.0 0.0 52 52 0 39000 39000 0
1.2 13 14 2165.0000000001105 3.3366666666668245 78 78 0 58500 58500 0
1.3 13 14 0.0 0.0 78 78 0 58500 58500 0
1.4000000000000001 13 14 2165.0000000001105 3.3366666666668245 104 104 0 78000 78000 0
1.5000000000000002 13 14 0.0 0.0 104 104 0 78000 78000 0
1.6000000000000003 13 14 2165.0000000001105 3.3366666666668245 130 130 0 97500 97500 0
1.7000000000000004 13 14 0.0 0.0 130 130 0 97500 97500 0
1.8000000000000005 13 14 23065.000000001433 24.570000000001521 236 211 0 197000 172000 0
1.9000000000000006 13 14 28566.666666671852 28.566666666671853 316 286 0 277000 247000 0
2.0000000000000004 13 14 36193.33333334262 36.706666666676064 422 362 24 376500 322000 18500
2.1000000000000005 13 14 36866.666666673882 36.866666666673879 502 437 29 456500 397000 23500
2.2000000000000006 13 14 36706.66666666558 37.219999999998905 608 513 59 556000 472000 48000
2.3000000000000007 13 14 37366.666666657875 37.366666666657878 688 588 64 636000 547000 53000
2.4000000000000008 13 14 37446.666666651174 37.446666666651168 794 663 95 735500 622000 77500
2.5000000000000009 13 14 37366.666666644545 37.366666666644555 874 738 100 815500 697000 82500
2.600000000000001 13 14 37446.66666663772 37.446666666637711 980 813 131 915000 772000 107000
2.7000000000000011 13 14 37366.666666631238 37.366666666631232 1060 888 136 995000 847000 112000
2.8000000000000012 13 14 37446.666666624238 37.446666666624253 1166 963 167 1094500 922000 136500
2.9000000000000012 13 14 37366.666666617915 37.36666666661791 1246 1038 172 1174500 997000 141500
3.0000000000000013 13 14 37446.666666610785 37.446666666610803 1352 1113 203 1274000 1072000 166000
3.1000000000000014 13 14 37366.666666604578 37.366666666604587 1432 1188 208 1354000 1147000 171000
3.2000000000000015 13 14 37446.666666597353 37.446666666597345 1538 1263 239 1453500 1222000 195500
3.3000000000000016 13 14 37366.666666591263 37.366666666591264 1618 1338 244 1533500 1297000 200500
3.4000000000000017 13 14 37446.666666583886 37.446666666583887 1724 1413 275 1633000 1372000 225000
3.5000000000000018 13 14 37366.666666577941 37.366666666577942 1804 1488 280 1713000 1447000 230000
3.6000000000000019 13 14 37446.666666570418 37.44666666657043 1910 1563 311 1812500 1522000 254500
3.700000000000002 13 14 37366.666666564619 37.366666666564619 1990 1638 316 1892500 1597000 259500
3.800000000000002 13 14 37446.666666556972 37.446666666556979 2096 1713 347 1992000 1672000 284000
3.9000000000000021 13 14 37366.666666551282 37.366666666551296 2176 1788 352 2072000 1747000 289000
4.0000000000000018 13 14 37446.666666543526 37.446666666543528 2282 1863 383 2171500 1822000 313500
4.1000000000000014 13 14 37366.666666538316 37.366666666538315 2362 1938 388 2251500 1897000 318500
4.2000000000000011 13 14 37446.666666530386 37.446666666530419 2468 2013 419 2351000 1972000 343000
4.3000000000000007 13 14 37366.666666524994 37.366666666524992 2548 2088 424 2431000 2047000 348000
4.4000000000000004 13 14 37446.666666516969 37.446666666516961 2654 2163 455 2530500 2122000 372500
4.5 13 14 37366.66666651165 37.366666666511669 2734 2238 460 2610500 2197000 377500
4.5999999999999996 13 14 37446.666666503501 37.446666666503504 2840 2313 491 2710000 2272000 402000
4.6999999999999993 13 14 37366.666666498335 37.366666666498347 2920 2388 496 2790000 2347000 407000
4.7999999999999989 13 14 37446.666666490048 37.446666666490046 3026 2463 527 2889500 2422000 431500
4.8999999999999986 13 14 37366.66666648502 37.366666666485024 3106 2538 532 2969500 2497000 436500
4.9999999999999982 13 14 37446.66666647658 37.446666666476595 3212 2613 563 3069000 2572000 461000
